-------------------------------------------------------------------------------
Test set: com.hrms.runners.TestRunner
-------------------------------------------------------------------------------
Tests run: 7, Failures: 1, Errors: 0, Skipped: 0, Time elapsed: 60.126 s <<< FAILURE! - in com.hrms.runners.TestRunner
Employee Search.Search employee by name  Time elapsed: 15.251 s  <<< FAILURE!
java.lang.AssertionError: emp info is NOT displayed

