<?xml version="1.0" encoding="UTF-8"?>
<testsuite xmlns:xsi="http://www.w3.org/2001/XMLSchema-instance" xsi:noNamespaceSchemaLocation="https://maven.apache.org/surefire/maven-surefire-plugin/xsd/surefire-test-report-3.0.xsd" version="3.0" name="Personal Details" time="9.991" tests="4" errors="4" skipped="0" failures="0">
  <properties>
[...]
</properties>
  <testcase name="As Admin user modifies personal details using dataTable" classname="Personal Details" time="0.117">
    <error type="java.lang.NullPointerException"><![CDATA[java.lang.NullPointerException
]]></error>
    <system-out><![CDATA[
@Progress
Scenario: As Admin user modifies personal details using dataTable      # src/test/resources/features/ModifyEmpDetails.feature:18
Starting Test: As Admin user modifies personal details using dataTable
      java.lang.NullPointerException
	at com.hrms.testbase.BaseClass.setUp(BaseClass.java:24)
	at com.hrms.steps.Hooks.start(Hooks.java:14)

  Given user is logged in with valid admin credentials                 # com.hrms.steps.EmployeeSearchSteps.user_is_logged_in_with_valid_admin_credentials()
  And user navigates to Add Employee page                              # com.hrms.steps.AddEmployeeSteps.user_navigates_to_Add_Employee_page()
  And user enters First Name "Alfredo" and Last Name "Pitbullterierro" # com.hrms.steps.AddEmployeeSteps.user_enters_First_Name_and_Last_Name(java.lang.String,java.lang.String)
  And user sees ID                                                     # com.hrms.steps.AddEmployeeSteps.user_sees_ID()
  And user clicks on save button                                       # com.hrms.steps.AddEmployeeSteps.user_clicks_on_save_button()
  And user navigate to employee list page                              # com.hrms.steps.EmployeeSearchSteps.user_navigate_to_employee_list_page()
  And user enters valid employee name "Alfredo Pitbullterierro"        # com.hrms.steps.EmployeeSearchSteps.user_enters_valid_employee_name(java.lang.String)
  And click on search button                                           # com.hrms.steps.EmployeeSearchSteps.click_on_search_button()
  When user clicks on Employee id and                                  # com.hrms.steps.ModifyEmpDetailsSteps.user_clicks_on_Employee_id_and()
  And user lands on Personal Details page                              # com.hrms.steps.ModifyEmpDetailsSteps.user_lands_on_Personal_Details_page()
  And user clicks on button edit                                       # com.hrms.steps.ModifyEmpDetailsSteps.user_clicks_on_button_edit()
  And SERVICE STEP getting data from dataTable                         # com.hrms.steps.ModifyEmpDetailsSteps.service_STEP_getting_data_from_dataTable(io.cucumber.datatable.DataTable)
  When user enters Employee Details data                               # com.hrms.steps.ModifyEmpDetailsSteps.user_enters_Employee_Details_data()
  And user checks smoker singlr check box                              # com.hrms.steps.ModifyEmpDetailsSteps.user_checks_smoker_singlr_check_box()
  And user clicks save button                                          # com.hrms.steps.ModifyEmpDetailsSteps.user_clicks_save_button()
  Then checks all data modified "Sri Lankan"                           # com.hrms.steps.ModifyEmpDetailsSteps.checks_all_data_modified(java.lang.String)
Ending Test: As Admin user modifies personal details using dataTable
      java.lang.NullPointerException
	at com.hrms.utils.CommonMethods.takeScreenshotBytes(CommonMethods.java:543)
	at com.hrms.steps.Hooks.end(Hooks.java:23)

]]></system-out>
  </testcase>
  <testcase name="As Admin user modifies personal details using dataTable" classname="Personal Details" time="0">
    <error type="java.lang.NullPointerException"><![CDATA[java.lang.NullPointerException
]]></error>
  </testcase>
  <testcase name="As Admin user modifies personal details using Excel" classname="Personal Details" time="9.873">
    <error message="invalid session id&#10;Build info: version: &apos;3.141.59&apos;, revision: &apos;e82be7d358&apos;, time: &apos;2018-11-14T08:17:03&apos;&#10;System info: host: &apos;Andreis-MBP.lan1&apos;, ip: &apos;2604:2000:1280:4f9b:0:0:0:8a8%en0&apos;, os.name: &apos;Mac OS X&apos;, os.arch: &apos;x86_64&apos;, os.version: &apos;10.15.5&apos;, java.version: &apos;1.8.0_251&apos;&#10;Driver info: org.openqa.selenium.chrome.ChromeDriver&#10;Capabilities {acceptInsecureCerts: false, browserName: chrome, browserVersion: 83.0.4103.116, chrome: {chromedriverVersion: 83.0.4103.39 (ccbf011cb2d2b..., userDataDir: /var/folders/jw/sqbsjg513gs...}, goog:chromeOptions: {debuggerAddress: localhost:54747}, javascriptEnabled: true, networkConnectionEnabled: false, pageLoadStrategy: normal, platform: MAC, platformName: MAC, proxy: Proxy(), setWindowRect: true, strictFileInteractability: false, timeouts: {implicit: 0, pageLoad: 300000, script: 30000}, unhandledPromptBehavior: dismiss and notify, webauthn:virtualAuthenticators: true}&#10;Session ID: 8899023dc4ee22fb20b40b021d8b30cb" type="org.openqa.selenium.NoSuchSessionException"><![CDATA[org.openqa.selenium.NoSuchSessionException: 
invalid session id
Build info: version: '3.141.59', revision: 'e82be7d358', time: '2018-11-14T08:17:03'
System info: host: 'Andreis-MBP.lan1', ip: '2604:2000:1280:4f9b:0:0:0:8a8%en0', os.name: 'Mac OS X', os.arch: 'x86_64', os.version: '10.15.5', java.version: '1.8.0_251'
Driver info: org.openqa.selenium.chrome.ChromeDriver
Capabilities {acceptInsecureCerts: false, browserName: chrome, browserVersion: 83.0.4103.116, chrome: {chromedriverVersion: 83.0.4103.39 (ccbf011cb2d2b..., userDataDir: /var/folders/jw/sqbsjg513gs...}, goog:chromeOptions: {debuggerAddress: localhost:54747}, javascriptEnabled: true, networkConnectionEnabled: false, pageLoadStrategy: normal, platform: MAC, platformName: MAC, proxy: Proxy(), setWindowRect: true, strictFileInteractability: false, timeouts: {implicit: 0, pageLoad: 300000, script: 30000}, unhandledPromptBehavior: dismiss and notify, webauthn:virtualAuthenticators: true}
Session ID: 8899023dc4ee22fb20b40b021d8b30cb
]]></error>
    <system-out><![CDATA[
@Progress
Scenario: As Admin user modifies personal details using Excel          # src/test/resources/features/ModifyEmpDetails.feature:26
Starting Test: As Admin user modifies personal details using Excel
  Given user is logged in with valid admin credentials                 # com.hrms.steps.EmployeeSearchSteps.user_is_logged_in_with_valid_admin_credentials()
      org.openqa.selenium.NoSuchSessionException: invalid session id
Build info: version: '3.141.59', revision: 'e82be7d358', time: '2018-11-14T08:17:03'
System info: host: 'Andreis-MBP.lan1', ip: '2604:2000:1280:4f9b:0:0:0:8a8%en0', os.name: 'Mac OS X', os.arch: 'x86_64', os.version: '10.15.5', java.version: '1.8.0_251'
Driver info: org.openqa.selenium.chrome.ChromeDriver
Capabilities {acceptInsecureCerts: false, browserName: chrome, browserVersion: 83.0.4103.116, chrome: {chromedriverVersion: 83.0.4103.39 (ccbf011cb2d2b..., userDataDir: /var/folders/jw/sqbsjg513gs...}, goog:chromeOptions: {debuggerAddress: localhost:54747}, javascriptEnabled: true, networkConnectionEnabled: false, pageLoadStrategy: normal, platform: MAC, platformName: MAC, proxy: Proxy(), setWindowRect: true, strictFileInteractability: false, timeouts: {implicit: 0, pageLoad: 300000, script: 30000}, unhandledPromptBehavior: dismiss and notify, webauthn:virtualAuthenticators: true}
Session ID: 8899023dc4ee22fb20b40b021d8b30cb
	at sun.reflect.NativeConstructorAccessorImpl.newInstance0(Native Method)
	at sun.reflect.NativeConstructorAccessorImpl.newInstance(NativeConstructorAccessorImpl.java:62)
	at sun.reflect.DelegatingConstructorAccessorImpl.newInstance(DelegatingConstructorAccessorImpl.java:45)
	at java.lang.reflect.Constructor.newInstance(Constructor.java:423)
	at org.openqa.selenium.remote.http.W3CHttpResponseCodec.createException(W3CHttpResponseCodec.java:187)
	at org.openqa.selenium.remote.http.W3CHttpResponseCodec.decode(W3CHttpResponseCodec.java:122)
	at org.openqa.selenium.remote.http.W3CHttpResponseCodec.decode(W3CHttpResponseCodec.java:49)
	at org.openqa.selenium.remote.HttpCommandExecutor.execute(HttpCommandExecutor.java:158)
	at org.openqa.selenium.remote.service.DriverCommandExecutor.execute(DriverCommandExecutor.java:83)
	at org.openqa.selenium.remote.RemoteWebDriver.execute(RemoteWebDriver.java:552)
	at org.openqa.selenium.remote.RemoteWebElement.execute(RemoteWebElement.java:285)
	at org.openqa.selenium.remote.RemoteWebElement.isEnabled(RemoteWebElement.java:156)
	at sun.reflect.NativeMethodAccessorImpl.invoke0(Native Method)
	at sun.reflect.NativeMethodAccessorImpl.invoke(NativeMethodAccessorImpl.java:62)
	at sun.reflect.DelegatingMethodAccessorImpl.invoke(DelegatingMethodAccessorImpl.java:43)
	at java.lang.reflect.Method.invoke(Method.java:498)
	at org.openqa.selenium.support.pagefactory.internal.LocatingElementHandler.invoke(LocatingElementHandler.java:51)
	at com.sun.proxy.$Proxy17.isEnabled(Unknown Source)
	at org.openqa.selenium.support.ui.ExpectedConditions$23.apply(ExpectedConditions.java:672)
	at org.openqa.selenium.support.ui.ExpectedConditions$23.apply(ExpectedConditions.java:666)
	at org.openqa.selenium.support.ui.FluentWait.until(FluentWait.java:249)
	at com.hrms.utils.CommonMethods.waitForClickability(CommonMethods.java:58)
	at com.hrms.utils.CommonMethods.click(CommonMethods.java:381)
	at com.hrms.pages.LoginPageElements.login(LoginPageElements.java:54)
	at com.hrms.steps.EmployeeSearchSteps.user_is_logged_in_with_valid_admin_credentials(EmployeeSearchSteps.java:19)
	at ✽.user is logged in with valid admin credentials(file:///Users/robespierre/eclipse-workspace/Hrms/src/test/resources/features/ModifyEmpDetails.feature:6)

  And user navigates to Add Employee page                              # com.hrms.steps.AddEmployeeSteps.user_navigates_to_Add_Employee_page()
  And user enters First Name "Alfredo" and Last Name "Pitbullterierro" # com.hrms.steps.AddEmployeeSteps.user_enters_First_Name_and_Last_Name(java.lang.String,java.lang.String)
  And user sees ID                                                     # com.hrms.steps.AddEmployeeSteps.user_sees_ID()
  And user clicks on save button                                       # com.hrms.steps.AddEmployeeSteps.user_clicks_on_save_button()
  And user navigate to employee list page                              # com.hrms.steps.EmployeeSearchSteps.user_navigate_to_employee_list_page()
  And user enters valid employee name "Alfredo Pitbullterierro"        # com.hrms.steps.EmployeeSearchSteps.user_enters_valid_employee_name(java.lang.String)
  And click on search button                                           # com.hrms.steps.EmployeeSearchSteps.click_on_search_button()
  When user clicks on Employee id and                                  # com.hrms.steps.ModifyEmpDetailsSteps.user_clicks_on_Employee_id_and()
  And user lands on Personal Details page                              # com.hrms.steps.ModifyEmpDetailsSteps.user_lands_on_Personal_Details_page()
  And user clicks on button edit                                       # com.hrms.steps.ModifyEmpDetailsSteps.user_clicks_on_button_edit()
  And SERVICE STEP geting data from excel sheet "PersonalDetails"      # com.hrms.steps.ModifyEmpDetailsSteps.service_STEP_geting_data_from_excel_sheet(java.lang.String)
  When user enters Employee Details data                               # com.hrms.steps.ModifyEmpDetailsSteps.user_enters_Employee_Details_data()
  And user checks smoker singlr check box                              # com.hrms.steps.ModifyEmpDetailsSteps.user_checks_smoker_singlr_check_box()
  And user clicks save button                                          # com.hrms.steps.ModifyEmpDetailsSteps.user_clicks_save_button()
  Then checks all data modified "Sri Lankan"                           # com.hrms.steps.ModifyEmpDetailsSteps.checks_all_data_modified(java.lang.String)
Ending Test: As Admin user modifies personal details using Excel
      org.openqa.selenium.WebDriverException: java.net.ConnectException: Failed to connect to localhost/0:0:0:0:0:0:0:1:4382
Build info: version: '3.141.59', revision: 'e82be7d358', time: '2018-11-14T08:17:03'
System info: host: 'Andreis-MBP.lan1', ip: '2604:2000:1280:4f9b:0:0:0:8a8%en0', os.name: 'Mac OS X', os.arch: 'x86_64', os.version: '10.15.5', java.version: '1.8.0_251'
Driver info: driver.version: RemoteWebDriver
	at org.openqa.selenium.remote.service.DriverCommandExecutor.execute(DriverCommandExecutor.java:92)
	at org.openqa.selenium.remote.RemoteWebDriver.execute(RemoteWebDriver.java:552)
	at org.openqa.selenium.remote.RemoteWebDriver.execute(RemoteWebDriver.java:609)
	at org.openqa.selenium.remote.RemoteWebDriver.getScreenshotAs(RemoteWebDriver.java:295)
	at com.hrms.utils.CommonMethods.takeScreenshotBytes(CommonMethods.java:543)
	at com.hrms.steps.Hooks.end(Hooks.java:23)
Caused by: java.net.ConnectException: Failed to connect to localhost/0:0:0:0:0:0:0:1:4382
	at okhttp3.internal.connection.RealConnection.connectSocket(RealConnection.java:247)
	at okhttp3.internal.connection.RealConnection.connect(RealConnection.java:165)
	at okhttp3.internal.connection.StreamAllocation.findConnection(StreamAllocation.java:257)
	at okhttp3.internal.connection.StreamAllocation.findHealthyConnection(StreamAllocation.java:135)
	at okhttp3.internal.connection.StreamAllocation.newStream(StreamAllocation.java:114)
	at okhttp3.internal.connection.ConnectInterceptor.intercept(ConnectInterceptor.java:42)
	at okhttp3.internal.http.RealInterceptorChain.proceed(RealInterceptorChain.java:147)
	at okhttp3.internal.http.RealInterceptorChain.proceed(RealInterceptorChain.java:121)
	at okhttp3.internal.cache.CacheInterceptor.intercept(CacheInterceptor.java:93)
	at okhttp3.internal.http.RealInterceptorChain.proceed(RealInterceptorChain.java:147)
	at okhttp3.internal.http.RealInterceptorChain.proceed(RealInterceptorChain.java:121)
	at okhttp3.internal.http.BridgeInterceptor.intercept(BridgeInterceptor.java:93)
	at okhttp3.internal.http.RealInterceptorChain.proceed(RealInterceptorChain.java:147)
	at okhttp3.internal.http.RetryAndFollowUpInterceptor.intercept(RetryAndFollowUpInterceptor.java:126)
	at okhttp3.internal.http.RealInterceptorChain.proceed(RealInterceptorChain.java:147)
	at okhttp3.internal.http.RealInterceptorChain.proceed(RealInterceptorChain.java:121)
	at okhttp3.RealCall.getResponseWithInterceptorChain(RealCall.java:200)
	at okhttp3.RealCall.execute(RealCall.java:77)
	at org.openqa.selenium.remote.internal.OkHttpClient.execute(OkHttpClient.java:103)
	at org.openqa.selenium.remote.HttpCommandExecutor.execute(HttpCommandExecutor.java:155)
	at org.openqa.selenium.remote.service.DriverCommandExecutor.execute(DriverCommandExecutor.java:83)
	at org.openqa.selenium.remote.RemoteWebDriver.execute(RemoteWebDriver.java:552)
	at org.openqa.selenium.remote.RemoteWebDriver.execute(RemoteWebDriver.java:609)
	at org.openqa.selenium.remote.RemoteWebDriver.getScreenshotAs(RemoteWebDriver.java:295)
	at com.hrms.utils.CommonMethods.takeScreenshotBytes(CommonMethods.java:543)
	at com.hrms.steps.Hooks.end(Hooks.java:23)
	at sun.reflect.NativeMethodAccessorImpl.invoke0(Native Method)
	at sun.reflect.NativeMethodAccessorImpl.invoke(NativeMethodAccessorImpl.java:62)
	at sun.reflect.DelegatingMethodAccessorImpl.invoke(DelegatingMethodAccessorImpl.java:43)
	at java.lang.reflect.Method.invoke(Method.java:498)
	at io.cucumber.java.Invoker.invoke(Invoker.java:27)
	at io.cucumber.java.JavaHookDefinition.execute(JavaHookDefinition.java:61)
	at io.cucumber.core.runner.CoreHookDefinition.execute(CoreHookDefinition.java:31)
	at io.cucumber.core.runner.HookDefinitionMatch.runStep(HookDefinitionMatch.java:20)
	at io.cucumber.core.runner.TestStep.executeStep(TestStep.java:64)
	at io.cucumber.core.runner.TestStep.run(TestStep.java:49)
	at io.cucumber.core.runner.TestCase.run(TestCase.java:55)
	at io.cucumber.core.runner.Runner.runPickle(Runner.java:67)
	at io.cucumber.junit.PickleRunners$NoStepDescriptions.run(PickleRunners.java:149)
	at io.cucumber.junit.FeatureRunner.runChild(FeatureRunner.java:83)
	at io.cucumber.junit.FeatureRunner.runChild(FeatureRunner.java:24)
	at org.junit.runners.ParentRunner$4.run(ParentRunner.java:331)
	at org.junit.runners.ParentRunner$1.schedule(ParentRunner.java:79)
	at org.junit.runners.ParentRunner.runChildren(ParentRunner.java:329)
	at org.junit.runners.ParentRunner.access$100(ParentRunner.java:66)
	at org.junit.runners.ParentRunner$2.evaluate(ParentRunner.java:293)
	at org.junit.runners.ParentRunner$3.evaluate(ParentRunner.java:306)
	at org.junit.runners.ParentRunner.run(ParentRunner.java:413)
	at io.cucumber.junit.Cucumber.runChild(Cucumber.java:185)
	at io.cucumber.junit.Cucumber.runChild(Cucumber.java:83)
	at org.junit.runners.ParentRunner$4.run(ParentRunner.java:331)
	at org.apache.maven.surefire.junitcore.pc.Scheduler$1.run(Scheduler.java:405)
	at java.util.concurrent.Executors$RunnableAdapter.call(Executors.java:511)
	at java.util.concurrent.FutureTask.run(FutureTask.java:266)
	at java.util.concurrent.ThreadPoolExecutor.runWorker(ThreadPoolExecutor.java:1149)
	at java.util.concurrent.ThreadPoolExecutor$Worker.run(ThreadPoolExecutor.java:624)
	at java.lang.Thread.run(Thread.java:748)
Caused by: java.net.ConnectException: Connection refused (Connection refused)
	at java.net.PlainSocketImpl.socketConnect(Native Method)
	at java.net.AbstractPlainSocketImpl.doConnect(AbstractPlainSocketImpl.java:350)
	at java.net.AbstractPlainSocketImpl.connectToAddress(AbstractPlainSocketImpl.java:206)
	at java.net.AbstractPlainSocketImpl.connect(AbstractPlainSocketImpl.java:188)
	at java.net.SocksSocketImpl.connect(SocksSocketImpl.java:392)
	at java.net.Socket.connect(Socket.java:606)
	at okhttp3.internal.platform.Platform.connectSocket(Platform.java:129)
	at okhttp3.internal.connection.RealConnection.connectSocket(RealConnection.java:245)
	... 56 more

]]></system-out>
    <system-err><![CDATA[Starting ChromeDriver 83.0.4103.39 (ccbf011cb2d2b19b506d844400483861342c20cd-refs/branch-heads/4103@{#416}) on port 4382
Only local connections are allowed.
Please see https://chromedriver.chromium.org/security-considerations for suggestions on keeping ChromeDriver safe.
ChromeDriver was started successfully.
Jul 06, 2020 9:50:39 PM org.openqa.selenium.remote.ProtocolHandshake createSession
INFO: Detected dialect: W3C
]]></system-err>
  </testcase>
  <testcase name="As Admin user modifies personal details using Excel" classname="Personal Details" time="0">
    <error message="java.net.ConnectException: Failed to connect to localhost/0:0:0:0:0:0:0:1:4382&#10;Build info: version: &apos;3.141.59&apos;, revision: &apos;e82be7d358&apos;, time: &apos;2018-11-14T08:17:03&apos;&#10;System info: host: &apos;Andreis-MBP.lan1&apos;, ip: &apos;2604:2000:1280:4f9b:0:0:0:8a8%en0&apos;, os.name: &apos;Mac OS X&apos;, os.arch: &apos;x86_64&apos;, os.version: &apos;10.15.5&apos;, java.version: &apos;1.8.0_251&apos;&#10;Driver info: driver.version: RemoteWebDriver" type="org.openqa.selenium.WebDriverException"><![CDATA[org.openqa.selenium.WebDriverException: 
java.net.ConnectException: Failed to connect to localhost/0:0:0:0:0:0:0:1:4382
Build info: version: '3.141.59', revision: 'e82be7d358', time: '2018-11-14T08:17:03'
System info: host: 'Andreis-MBP.lan1', ip: '2604:2000:1280:4f9b:0:0:0:8a8%en0', os.name: 'Mac OS X', os.arch: 'x86_64', os.version: '10.15.5', java.version: '1.8.0_251'
Driver info: driver.version: RemoteWebDriver
Caused by: java.net.ConnectException: Failed to connect to localhost/0:0:0:0:0:0:0:1:4382
Caused by: java.net.ConnectException: Connection refused (Connection refused)
]]></error>
  </testcase>
</testsuite>